c:\users\hac62\desktop\networkgame-master\networkgame-master\simplegame\x64\debug\simplegame.pch
c:\users\hac62\desktop\networkgame-master\networkgame-master\simplegame\x64\debug\vc141.pdb
c:\users\hac62\desktop\networkgame-master\networkgame-master\simplegame\x64\debug\vc141.idb
c:\users\hac62\desktop\networkgame-master\networkgame-master\simplegame\x64\debug\stdafx.obj
c:\users\hac62\desktop\networkgame-master\networkgame-master\simplegame\x64\debug\simplegame.obj
c:\users\hac62\desktop\networkgame-master\networkgame-master\simplegame\x64\debug\scnmgr.obj
c:\users\hac62\desktop\networkgame-master\networkgame-master\simplegame\x64\debug\renderer.obj
c:\users\hac62\desktop\networkgame-master\networkgame-master\simplegame\x64\debug\object.obj
c:\users\hac62\desktop\networkgame-master\networkgame-master\simplegame\x64\debug\loadpng.obj
c:\users\hac62\desktop\networkgame-master\networkgame-master\simplegame\x64\debug\collision.obj
d:\수업\게임 소프트웨어\simplegame\x64\debug\simplegame.exe
d:\수업\게임 소프트웨어\simplegame\x64\debug\simplegame.ilk
d:\수업\게임 소프트웨어\simplegame\x64\debug\simplegame.pdb
d:\수업\네트워크 프로그래밍\텀 프로젝트\simplegame\x64\debug\simplegame.exe
d:\수업\네트워크 프로그래밍\텀 프로젝트\simplegame\x64\debug\simplegame.ilk
d:\수업\네트워크 프로그래밍\텀 프로젝트\simplegame\x64\debug\simplegame.pdb
c:\users\hac62\desktop\networkgame-master\networkgame-master\x64\debug\simplegame.ilk
c:\users\hac62\desktop\networkgame-master\networkgame-master\x64\debug\simplegame.exe
c:\users\hac62\desktop\networkgame-master\networkgame-master\x64\debug\simplegame.pdb
c:\users\hac62\desktop\networkgame-master\networkgame-master\simplegame\x64\debug\simplegame.tlog\cl.command.1.tlog
c:\users\hac62\desktop\networkgame-master\networkgame-master\simplegame\x64\debug\simplegame.tlog\cl.read.1.tlog
c:\users\hac62\desktop\networkgame-master\networkgame-master\simplegame\x64\debug\simplegame.tlog\cl.write.1.tlog
c:\users\hac62\desktop\networkgame-master\networkgame-master\simplegame\x64\debug\simplegame.tlog\link.command.1.tlog
c:\users\hac62\desktop\networkgame-master\networkgame-master\simplegame\x64\debug\simplegame.tlog\link.read.1.tlog
c:\users\hac62\desktop\networkgame-master\networkgame-master\simplegame\x64\debug\simplegame.tlog\link.write.1.tlog
