  stdafx.cpp
  Collision.cpp
d:\dropbox\2018-2\네트워크게임프로그래밍\netgametermproject\simplegame\collision.cpp(21): warning C4244: '초기화 중': 'double'에서 'float'(으)로 변환하면서 데이터가 손실될 수 있습니다.
  LoadPng.cpp
d:\dropbox\2018-2\네트워크게임프로그래밍\netgametermproject\simplegame\loadpng.cpp(800): warning C4334: '<<': 32비트 시프트의 결과가 암시적으로 64비트로 변환됩니다. 64비트 시프트를 사용하시겠습니까?
d:\dropbox\2018-2\네트워크게임프로그래밍\netgametermproject\simplegame\loadpng.cpp(1462): warning C4267: '=': 'size_t'에서 'int'(으)로 변환하면서 데이터가 손실될 수 있습니다.
d:\dropbox\2018-2\네트워크게임프로그래밍\netgametermproject\simplegame\loadpng.cpp(1466): warning C4267: '=': 'size_t'에서 'int'(으)로 변환하면서 데이터가 손실될 수 있습니다.
d:\dropbox\2018-2\네트워크게임프로그래밍\netgametermproject\simplegame\loadpng.cpp(1538): warning C4267: '=': 'size_t'에서 'unsigned int'(으)로 변환하면서 데이터가 손실될 수 있습니다.
d:\dropbox\2018-2\네트워크게임프로그래밍\netgametermproject\simplegame\loadpng.cpp(3483): warning C4334: '<<': 32비트 시프트의 결과가 암시적으로 64비트로 변환됩니다. 64비트 시프트를 사용하시겠습니까?
d:\dropbox\2018-2\네트워크게임프로그래밍\netgametermproject\simplegame\loadpng.cpp(3497): warning C4267: '인수': 'size_t'에서 'unsigned int'(으)로 변환하면서 데이터가 손실될 수 있습니다.
d:\dropbox\2018-2\네트워크게임프로그래밍\netgametermproject\simplegame\loadpng.cpp(4338): warning C4267: '=': 'size_t'에서 'unsigned int'(으)로 변환하면서 데이터가 손실될 수 있습니다.
d:\dropbox\2018-2\네트워크게임프로그래밍\netgametermproject\simplegame\loadpng.cpp(4386): warning C4267: '=': 'size_t'에서 'unsigned int'(으)로 변환하면서 데이터가 손실될 수 있습니다.
d:\dropbox\2018-2\네트워크게임프로그래밍\netgametermproject\simplegame\loadpng.cpp(4466): warning C4267: '=': 'size_t'에서 'unsigned int'(으)로 변환하면서 데이터가 손실될 수 있습니다.
d:\dropbox\2018-2\네트워크게임프로그래밍\netgametermproject\simplegame\loadpng.cpp(5409): warning C4267: '초기화 중': 'size_t'에서 'unsigned int'(으)로 변환하면서 데이터가 손실될 수 있습니다.
  object.cpp
d:\dropbox\2018-2\네트워크게임프로그래밍\netgametermproject\simplegame\object.cpp(26): warning C4244: '초기화 중': 'double'에서 'float'(으)로 변환하면서 데이터가 손실될 수 있습니다.
  Renderer.cpp
d:\dropbox\2018-2\네트워크게임프로그래밍\netgametermproject\simplegame\renderer.cpp(125): warning C4267: '=': 'size_t'에서 'GLint'(으)로 변환하면서 데이터가 손실될 수 있습니다.
  ScnMgr.cpp
d:\dropbox\2018-2\네트워크게임프로그래밍\netgametermproject\simplegame\scnmgr.cpp(52): warning C4244: '인수': 'int'에서 'float'(으)로 변환하면서 데이터가 손실될 수 있습니다.
  SimpleGame.cpp
  코드를 생성하고 있습니다...
  SimpleGame.vcxproj -> D:\Dropbox\2018-2\네트워크게임프로그래밍\NetGameTermProject\x64\Debug\SimpleGame.exe
